<?xml version="1.0" encoding="UTF-8"?>
<testng-results ignored="0" total="1" passed="1" failed="0" skipped="0">
  <reporter-output>
  </reporter-output>
  <suite started-at="2025-09-13T20:31:23 IST" name="Default suite" finished-at="2025-09-13T20:31:26 IST" duration-ms="2989">
    <groups>
    </groups>
    <test started-at="2025-09-13T20:31:23 IST" name="Default test" finished-at="2025-09-13T20:31:26 IST" duration-ms="2989">
      <class name="com.lws.testcases.LoginTest">
        <test-method signature="loginTest()[pri:0, instance:com.lws.testcases.LoginTest@862f408]" started-at="2025-09-13T20:31:23 IST" name="loginTest" finished-at="2025-09-13T20:31:26 IST" duration-ms="2880" status="PASS">
          <reporter-output>
          </reporter-output>
        </test-method> <!-- loginTest -->
        <test-method is-config="true" signature="tearDown()[pri:0, instance:com.lws.testcases.LoginTest@862f408]" started-at="2025-09-13T20:31:26 IST" name="tearDown" finished-at="2025-09-13T20:31:27 IST" duration-ms="370" status="PASS">
          <reporter-output>
          </reporter-output>
        </test-method> <!-- tearDown -->
      </class> <!-- com.lws.testcases.LoginTest -->
    </test> <!-- Default test -->
  </suite> <!-- Default suite -->
</testng-results>
