<?xml version="1.0" encoding="UTF-8"?>
<testng-results ignored="0" total="1" passed="1" failed="0" skipped="0">
  <reporter-output>
  </reporter-output>
  <suite started-at="2025-09-14T23:34:33 IST" name="Default suite" finished-at="2025-09-14T23:34:37 IST" duration-ms="3200">
    <groups>
    </groups>
    <test started-at="2025-09-14T23:34:33 IST" name="Default test" finished-at="2025-09-14T23:34:37 IST" duration-ms="3200">
      <class name="com.lws.testcases.LoginTest">
        <test-method signature="loginTest()[pri:0, instance:com.lws.testcases.LoginTest@862f408]" started-at="2025-09-14T23:34:33 IST" name="loginTest" finished-at="2025-09-14T23:34:37 IST" duration-ms="3057" status="PASS">
          <reporter-output>
          </reporter-output>
        </test-method> <!-- loginTest -->
        <test-method is-config="true" signature="tearDown()[pri:0, instance:com.lws.testcases.LoginTest@862f408]" started-at="2025-09-14T23:34:37 IST" name="tearDown" finished-at="2025-09-14T23:34:37 IST" duration-ms="457" status="PASS">
          <reporter-output>
          </reporter-output>
        </test-method> <!-- tearDown -->
      </class> <!-- com.lws.testcases.LoginTest -->
    </test> <!-- Default test -->
  </suite> <!-- Default suite -->
</testng-results>
